C:\Users\Billy\source\repos\StyczenProjekt\last\asdasd\DotNetCore2.0-Angular---project-management-app\DotNetGigs\dist\out-tsc\e2e\app.po.js
C:\Users\Billy\source\repos\StyczenProjekt\last\asdasd\DotNetCore2.0-Angular---project-management-app\DotNetGigs\dist\out-tsc\e2e\app.po.js.map
C:\Users\Billy\source\repos\StyczenProjekt\last\asdasd\DotNetCore2.0-Angular---project-management-app\DotNetGigs\dist\out-tsc\src\app\authenticate-xhr.backend.js
C:\Users\Billy\source\repos\StyczenProjekt\last\asdasd\DotNetCore2.0-Angular---project-management-app\DotNetGigs\dist\out-tsc\src\app\authenticate-xhr.backend.js.map
C:\Users\Billy\source\repos\StyczenProjekt\last\asdasd\DotNetCore2.0-Angular---project-management-app\DotNetGigs\dist\out-tsc\src\app\shared\utils\config.service.js
C:\Users\Billy\source\repos\StyczenProjekt\last\asdasd\DotNetCore2.0-Angular---project-management-app\DotNetGigs\dist\out-tsc\src\app\shared\utils\config.service.js.map
C:\Users\Billy\source\repos\StyczenProjekt\last\asdasd\DotNetCore2.0-Angular---project-management-app\DotNetGigs\dist\out-tsc\src\app\shared\models\user.registration.interface.js
C:\Users\Billy\source\repos\StyczenProjekt\last\asdasd\DotNetCore2.0-Angular---project-management-app\DotNetGigs\dist\out-tsc\src\app\shared\models\user.registration.interface.js.map
C:\Users\Billy\source\repos\StyczenProjekt\last\asdasd\DotNetCore2.0-Angular---project-management-app\DotNetGigs\dist\out-tsc\src\app\shared\services\base.service.js
C:\Users\Billy\source\repos\StyczenProjekt\last\asdasd\DotNetCore2.0-Angular---project-management-app\DotNetGigs\dist\out-tsc\src\app\shared\services\base.service.js.map
C:\Users\Billy\source\repos\StyczenProjekt\last\asdasd\DotNetCore2.0-Angular---project-management-app\DotNetGigs\dist\out-tsc\src\app\shared\services\user.service.js
C:\Users\Billy\source\repos\StyczenProjekt\last\asdasd\DotNetCore2.0-Angular---project-management-app\DotNetGigs\dist\out-tsc\src\app\shared\services\user.service.js.map
C:\Users\Billy\source\repos\StyczenProjekt\last\asdasd\DotNetCore2.0-Angular---project-management-app\DotNetGigs\dist\out-tsc\src\app\home\home.component.js
C:\Users\Billy\source\repos\StyczenProjekt\last\asdasd\DotNetCore2.0-Angular---project-management-app\DotNetGigs\dist\out-tsc\src\app\home\home.component.js.map
C:\Users\Billy\source\repos\StyczenProjekt\last\asdasd\DotNetCore2.0-Angular---project-management-app\DotNetGigs\dist\out-tsc\src\app\usersList\usersList.component.js
C:\Users\Billy\source\repos\StyczenProjekt\last\asdasd\DotNetCore2.0-Angular---project-management-app\DotNetGigs\dist\out-tsc\src\app\usersList\usersList.component.js.map
C:\Users\Billy\source\repos\StyczenProjekt\last\asdasd\DotNetCore2.0-Angular---project-management-app\DotNetGigs\dist\out-tsc\src\app\pastProjects\pastProjects.component.js
C:\Users\Billy\source\repos\StyczenProjekt\last\asdasd\DotNetCore2.0-Angular---project-management-app\DotNetGigs\dist\out-tsc\src\app\pastProjects\pastProjects.component.js.map
C:\Users\Billy\source\repos\StyczenProjekt\last\asdasd\DotNetCore2.0-Angular---project-management-app\DotNetGigs\dist\out-tsc\src\app\directives\focus.directive.js
C:\Users\Billy\source\repos\StyczenProjekt\last\asdasd\DotNetCore2.0-Angular---project-management-app\DotNetGigs\dist\out-tsc\src\app\directives\focus.directive.js.map
C:\Users\Billy\source\repos\StyczenProjekt\last\asdasd\DotNetCore2.0-Angular---project-management-app\DotNetGigs\dist\out-tsc\src\app\spinner\spinner.component.js
C:\Users\Billy\source\repos\StyczenProjekt\last\asdasd\DotNetCore2.0-Angular---project-management-app\DotNetGigs\dist\out-tsc\src\app\spinner\spinner.component.js.map
C:\Users\Billy\source\repos\StyczenProjekt\last\asdasd\DotNetCore2.0-Angular---project-management-app\DotNetGigs\dist\out-tsc\src\app\shared\modules\shared.module.js
C:\Users\Billy\source\repos\StyczenProjekt\last\asdasd\DotNetCore2.0-Angular---project-management-app\DotNetGigs\dist\out-tsc\src\app\shared\modules\shared.module.js.map
C:\Users\Billy\source\repos\StyczenProjekt\last\asdasd\DotNetCore2.0-Angular---project-management-app\DotNetGigs\dist\out-tsc\src\app\myProject\myProject.component.js
C:\Users\Billy\source\repos\StyczenProjekt\last\asdasd\DotNetCore2.0-Angular---project-management-app\DotNetGigs\dist\out-tsc\src\app\myProject\myProject.component.js.map
C:\Users\Billy\source\repos\StyczenProjekt\last\asdasd\DotNetCore2.0-Angular---project-management-app\DotNetGigs\dist\out-tsc\src\app\notfound\notfound.component.js
C:\Users\Billy\source\repos\StyczenProjekt\last\asdasd\DotNetCore2.0-Angular---project-management-app\DotNetGigs\dist\out-tsc\src\app\notfound\notfound.component.js.map
C:\Users\Billy\source\repos\StyczenProjekt\last\asdasd\DotNetCore2.0-Angular---project-management-app\DotNetGigs\dist\out-tsc\src\app\app.routing.js
C:\Users\Billy\source\repos\StyczenProjekt\last\asdasd\DotNetCore2.0-Angular---project-management-app\DotNetGigs\dist\out-tsc\src\app\app.routing.js.map
C:\Users\Billy\source\repos\StyczenProjekt\last\asdasd\DotNetCore2.0-Angular---project-management-app\DotNetGigs\dist\out-tsc\src\app\app.component.js
C:\Users\Billy\source\repos\StyczenProjekt\last\asdasd\DotNetCore2.0-Angular---project-management-app\DotNetGigs\dist\out-tsc\src\app\app.component.js.map
C:\Users\Billy\source\repos\StyczenProjekt\last\asdasd\DotNetCore2.0-Angular---project-management-app\DotNetGigs\dist\out-tsc\src\app\header\header.component.js
C:\Users\Billy\source\repos\StyczenProjekt\last\asdasd\DotNetCore2.0-Angular---project-management-app\DotNetGigs\dist\out-tsc\src\app\header\header.component.js.map
C:\Users\Billy\source\repos\StyczenProjekt\last\asdasd\DotNetCore2.0-Angular---project-management-app\DotNetGigs\dist\out-tsc\src\app\usersList\admin\admin.component.js
C:\Users\Billy\source\repos\StyczenProjekt\last\asdasd\DotNetCore2.0-Angular---project-management-app\DotNetGigs\dist\out-tsc\src\app\usersList\admin\admin.component.js.map
C:\Users\Billy\source\repos\StyczenProjekt\last\asdasd\DotNetCore2.0-Angular---project-management-app\DotNetGigs\dist\out-tsc\src\app\usersList\worker\worker.component.js
C:\Users\Billy\source\repos\StyczenProjekt\last\asdasd\DotNetCore2.0-Angular---project-management-app\DotNetGigs\dist\out-tsc\src\app\usersList\worker\worker.component.js.map
C:\Users\Billy\source\repos\StyczenProjekt\last\asdasd\DotNetCore2.0-Angular---project-management-app\DotNetGigs\dist\out-tsc\src\app\usersList\student\student.component.js
C:\Users\Billy\source\repos\StyczenProjekt\last\asdasd\DotNetCore2.0-Angular---project-management-app\DotNetGigs\dist\out-tsc\src\app\usersList\student\student.component.js.map
C:\Users\Billy\source\repos\StyczenProjekt\last\asdasd\DotNetCore2.0-Angular---project-management-app\DotNetGigs\dist\out-tsc\src\app\usersList\all\all.component.js
C:\Users\Billy\source\repos\StyczenProjekt\last\asdasd\DotNetCore2.0-Angular---project-management-app\DotNetGigs\dist\out-tsc\src\app\usersList\all\all.component.js.map
C:\Users\Billy\source\repos\StyczenProjekt\last\asdasd\DotNetCore2.0-Angular---project-management-app\DotNetGigs\dist\out-tsc\src\app\directives\email.validator.directive.js
C:\Users\Billy\source\repos\StyczenProjekt\last\asdasd\DotNetCore2.0-Angular---project-management-app\DotNetGigs\dist\out-tsc\src\app\directives\email.validator.directive.js.map
C:\Users\Billy\source\repos\StyczenProjekt\last\asdasd\DotNetCore2.0-Angular---project-management-app\DotNetGigs\dist\out-tsc\src\app\shared\validation\matchvalidation.js
C:\Users\Billy\source\repos\StyczenProjekt\last\asdasd\DotNetCore2.0-Angular---project-management-app\DotNetGigs\dist\out-tsc\src\app\shared\validation\matchvalidation.js.map
C:\Users\Billy\source\repos\StyczenProjekt\last\asdasd\DotNetCore2.0-Angular---project-management-app\DotNetGigs\dist\out-tsc\src\app\shared\validation\passwordvalidation.js
C:\Users\Billy\source\repos\StyczenProjekt\last\asdasd\DotNetCore2.0-Angular---project-management-app\DotNetGigs\dist\out-tsc\src\app\shared\validation\passwordvalidation.js.map
C:\Users\Billy\source\repos\StyczenProjekt\last\asdasd\DotNetCore2.0-Angular---project-management-app\DotNetGigs\dist\out-tsc\src\app\account\registration-form\registration-form.component.js
C:\Users\Billy\source\repos\StyczenProjekt\last\asdasd\DotNetCore2.0-Angular---project-management-app\DotNetGigs\dist\out-tsc\src\app\account\registration-form\registration-form.component.js.map
C:\Users\Billy\source\repos\StyczenProjekt\last\asdasd\DotNetCore2.0-Angular---project-management-app\DotNetGigs\dist\out-tsc\src\app\shared\models\credentials.interface.js
C:\Users\Billy\source\repos\StyczenProjekt\last\asdasd\DotNetCore2.0-Angular---project-management-app\DotNetGigs\dist\out-tsc\src\app\shared\models\credentials.interface.js.map
C:\Users\Billy\source\repos\StyczenProjekt\last\asdasd\DotNetCore2.0-Angular---project-management-app\DotNetGigs\dist\out-tsc\src\app\account\login-form\login-form.component.js
C:\Users\Billy\source\repos\StyczenProjekt\last\asdasd\DotNetCore2.0-Angular---project-management-app\DotNetGigs\dist\out-tsc\src\app\account\login-form\login-form.component.js.map
C:\Users\Billy\source\repos\StyczenProjekt\last\asdasd\DotNetCore2.0-Angular---project-management-app\DotNetGigs\dist\out-tsc\src\app\account\account.routing.js
C:\Users\Billy\source\repos\StyczenProjekt\last\asdasd\DotNetCore2.0-Angular---project-management-app\DotNetGigs\dist\out-tsc\src\app\account\account.routing.js.map
C:\Users\Billy\source\repos\StyczenProjekt\last\asdasd\DotNetCore2.0-Angular---project-management-app\DotNetGigs\dist\out-tsc\src\app\account\account.module.js
C:\Users\Billy\source\repos\StyczenProjekt\last\asdasd\DotNetCore2.0-Angular---project-management-app\DotNetGigs\dist\out-tsc\src\app\account\account.module.js.map
C:\Users\Billy\source\repos\StyczenProjekt\last\asdasd\DotNetCore2.0-Angular---project-management-app\DotNetGigs\dist\out-tsc\src\app\app.module.js
C:\Users\Billy\source\repos\StyczenProjekt\last\asdasd\DotNetCore2.0-Angular---project-management-app\DotNetGigs\dist\out-tsc\src\app\app.module.js.map
C:\Users\Billy\source\repos\StyczenProjekt\last\asdasd\DotNetCore2.0-Angular---project-management-app\DotNetGigs\dist\out-tsc\src\environments\environment.js
C:\Users\Billy\source\repos\StyczenProjekt\last\asdasd\DotNetCore2.0-Angular---project-management-app\DotNetGigs\dist\out-tsc\src\environments\environment.js.map
C:\Users\Billy\source\repos\StyczenProjekt\last\asdasd\DotNetCore2.0-Angular---project-management-app\DotNetGigs\dist\out-tsc\src\main.js
C:\Users\Billy\source\repos\StyczenProjekt\last\asdasd\DotNetCore2.0-Angular---project-management-app\DotNetGigs\dist\out-tsc\src\main.js.map
C:\Users\Billy\source\repos\StyczenProjekt\last\asdasd\DotNetCore2.0-Angular---project-management-app\DotNetGigs\dist\out-tsc\src\polyfills.js
C:\Users\Billy\source\repos\StyczenProjekt\last\asdasd\DotNetCore2.0-Angular---project-management-app\DotNetGigs\dist\out-tsc\src\polyfills.js.map
C:\Users\Billy\source\repos\StyczenProjekt\last\asdasd\DotNetCore2.0-Angular---project-management-app\DotNetGigs\dist\out-tsc\src\test.js
C:\Users\Billy\source\repos\StyczenProjekt\last\asdasd\DotNetCore2.0-Angular---project-management-app\DotNetGigs\dist\out-tsc\src\test.js.map
C:\Users\Billy\source\repos\StyczenProjekt\last\asdasd\DotNetCore2.0-Angular---project-management-app\DotNetGigs\dist\out-tsc\src\app\app.component.spec.js
C:\Users\Billy\source\repos\StyczenProjekt\last\asdasd\DotNetCore2.0-Angular---project-management-app\DotNetGigs\dist\out-tsc\src\app\app.component.spec.js.map
C:\Users\Billy\source\repos\StyczenProjekt\last\asdasd\DotNetCore2.0-Angular---project-management-app\DotNetGigs\dist\out-tsc\src\app\auth.guard.js
C:\Users\Billy\source\repos\StyczenProjekt\last\asdasd\DotNetCore2.0-Angular---project-management-app\DotNetGigs\dist\out-tsc\src\app\auth.guard.js.map
C:\Users\Billy\source\repos\StyczenProjekt\last\asdasd\DotNetCore2.0-Angular---project-management-app\DotNetGigs\dist\out-tsc\src\environments\environment.prod.js
C:\Users\Billy\source\repos\StyczenProjekt\last\asdasd\DotNetCore2.0-Angular---project-management-app\DotNetGigs\dist\out-tsc\src\environments\environment.prod.js.map
C:\Users\Billy\source\repos\StyczenProjekt\last\asdasd\DotNetCore2.0-Angular---project-management-app\DotNetGigs\dist\out-tsc\src\app\header\header.component.spec.js
C:\Users\Billy\source\repos\StyczenProjekt\last\asdasd\DotNetCore2.0-Angular---project-management-app\DotNetGigs\dist\out-tsc\src\app\header\header.component.spec.js.map
C:\Users\Billy\source\repos\StyczenProjekt\last\asdasd\DotNetCore2.0-Angular---project-management-app\DotNetGigs\dist\out-tsc\src\app\spinner\spinner.component.spec.js
C:\Users\Billy\source\repos\StyczenProjekt\last\asdasd\DotNetCore2.0-Angular---project-management-app\DotNetGigs\dist\out-tsc\src\app\spinner\spinner.component.spec.js.map
C:\Users\Billy\source\repos\StyczenProjekt\last\asdasd\DotNetCore2.0-Angular---project-management-app\DotNetGigs\dist\out-tsc\src\app\account\login-form\login-form.component.spec.js
C:\Users\Billy\source\repos\StyczenProjekt\last\asdasd\DotNetCore2.0-Angular---project-management-app\DotNetGigs\dist\out-tsc\src\app\account\login-form\login-form.component.spec.js.map
